<?xml version="1.0" encoding="UTF-8" standalone="no"?>
<?xml-stylesheet type="text/xsl" href="../../jgenhtml.xsl"?><coverage branch-rate="NaN" branches-covered="0" branches-valid="0" complexity="0" date="2025-02-11" filename="motel_response_data.dart" function-rate="NaN" functions-covered="0" functions-valid="0" line-rate="1.0" lines-covered="12" lines-valid="12" package="data/model" testname="lcov.info" version="1.6">
<lines>
<line number="1">
<code>import 'package:projetos/domain/models/motel.dart';</code>
</line>
<line number="2">
<code/>
</line>
<line number="3">
<code>class MotelResponseData {</code>
</line>
<line number="4">
<code>  num? pagina;</code>
</line>
<line number="5">
<code>  num? qtdPorPagina;</code>
</line>
<line number="6">
<code>  num? totalSuites;</code>
</line>
<line number="7">
<code>  num? totalMoteis;</code>
</line>
<line number="8">
<code>  num? raio;</code>
</line>
<line number="9">
<code>  num? maxPaginas;</code>
</line>
<line number="10">
<code>  List&lt;Motel&gt;? moteis;</code>
</line>
<line number="11">
<code/>
</line>
<line hits="1" number="12">
<code>  MotelResponseData({</code>
<hit count="1" name="&lt;unnamed&gt;"/>
</line>
<line number="13">
<code>    this.pagina,</code>
</line>
<line number="14">
<code>    this.qtdPorPagina,</code>
</line>
<line number="15">
<code>    this.totalSuites,</code>
</line>
<line number="16">
<code>    this.totalMoteis,</code>
</line>
<line number="17">
<code>    this.raio,</code>
</line>
<line number="18">
<code>    this.maxPaginas,</code>
</line>
<line number="19">
<code>    this.moteis,</code>
</line>
<line number="20">
<code>  });</code>
</line>
<line number="21">
<code/>
</line>
<line hits="1" number="22">
<code>  MotelResponseData.fromJson(Map&lt;String, dynamic&gt; json) {</code>
<hit count="1" name="&lt;unnamed&gt;"/>
</line>
<line hits="2" number="23">
<code>    pagina = json['pagina'];</code>
<hit count="2" name="&lt;unnamed&gt;"/>
</line>
<line hits="2" number="24">
<code>    qtdPorPagina = json['qtdPorPagina'];</code>
<hit count="2" name="&lt;unnamed&gt;"/>
</line>
<line hits="2" number="25">
<code>    totalSuites = json['totalSuites'];</code>
<hit count="2" name="&lt;unnamed&gt;"/>
</line>
<line hits="2" number="26">
<code>    totalMoteis = json['totalMoteis'];</code>
<hit count="2" name="&lt;unnamed&gt;"/>
</line>
<line hits="2" number="27">
<code>    raio = json['raio'];</code>
<hit count="2" name="&lt;unnamed&gt;"/>
</line>
<line hits="2" number="28">
<code>    maxPaginas = json['maxPaginas'];</code>
<hit count="2" name="&lt;unnamed&gt;"/>
</line>
<line hits="1" number="29">
<code>    if (json['moteis'] != null) {</code>
<hit count="1" name="&lt;unnamed&gt;"/>
</line>
<line hits="2" number="30">
<code>      moteis = [];</code>
<hit count="2" name="&lt;unnamed&gt;"/>
</line>
<line hits="3" number="31">
<code>      json['moteis'].forEach((v) {</code>
<hit count="3" name="&lt;unnamed&gt;"/>
</line>
<line hits="3" number="32">
<code>        moteis?.add(Motel.fromJson(v));</code>
<hit count="3" name="&lt;unnamed&gt;"/>
</line>
<line number="33">
<code>      });</code>
</line>
<line number="34">
<code>    }</code>
</line>
<line number="35">
<code>  }</code>
</line>
<line number="36">
<code>}</code>
</line>
</lines>
<config branch-coverage="true" description-file="false" function-coverage="true" genhtml_hi_limit="90" genhtml_med_limit="75" legend="false" no-sort="false" no-source="false" show-details="false"/>
<base href="../../"/>
<base href="../../"/>
</coverage>
