<?xml version="1.0" encoding="UTF-8" standalone="no"?>
<?xml-stylesheet type="text/xsl" href="../../jgenhtml.xsl"?><coverage branch-rate="NaN" branches-covered="0" branches-valid="0" complexity="0" date="2025-02-11" filename="motel_response.dart" function-rate="NaN" functions-covered="0" functions-valid="0" line-rate="1.0" lines-covered="5" lines-valid="5" package="data/model" testname="lcov.info" version="1.6">
<lines>
<line number="1">
<code>import 'package:projetos/data/model/motel_response_data.dart';</code>
</line>
<line number="2">
<code/>
</line>
<line number="3">
<code>class MotelResponse {</code>
</line>
<line number="4">
<code>  bool? sucesso;</code>
</line>
<line number="5">
<code>  MotelResponseData? data;</code>
</line>
<line number="6">
<code/>
</line>
<line hits="1" number="7">
<code>  MotelResponse({this.sucesso = false, this.data});</code>
<hit count="1" name="&lt;unnamed&gt;"/>
</line>
<line number="8">
<code/>
</line>
<line hits="1" number="9">
<code>  MotelResponse.fromJson(Map&lt;String, dynamic&gt; json) {</code>
<hit count="1" name="&lt;unnamed&gt;"/>
</line>
<line hits="2" number="10">
<code>    sucesso = json['sucesso'];</code>
<hit count="2" name="&lt;unnamed&gt;"/>
</line>
<line hits="1" number="11">
<code>    data =</code>
<hit count="1" name="&lt;unnamed&gt;"/>
</line>
<line hits="3" number="12">
<code>        json['data'] != null ? MotelResponseData.fromJson(json['data']) : null;</code>
<hit count="3" name="&lt;unnamed&gt;"/>
</line>
<line number="13">
<code>  }</code>
</line>
<line number="14">
<code>}</code>
</line>
</lines>
<config branch-coverage="true" description-file="false" function-coverage="true" genhtml_hi_limit="90" genhtml_med_limit="75" legend="false" no-sort="false" no-source="false" show-details="false"/>
<base href="../../"/>
<base href="../../"/>
</coverage>
