<?xml version="1.0" encoding="UTF-8" standalone="no"?>
<?xml-stylesheet type="text/xsl" href="../../jgenhtml.xsl"?><coverage branch-rate="NaN" branches-covered="0" branches-valid="0" complexity="0" date="2025-02-09" filename="result.dart" function-rate="NaN" functions-covered="0" functions-valid="0" line-rate="1.0" lines-covered="2" lines-valid="2" package="data/model" testname="lcov.info" version="1.6">
<lines>
<line number="1">
<code>base class Result&lt;T&gt; {}</code>
</line>
<line number="2">
<code/>
</line>
<line number="3">
<code>base class Ok&lt;T&gt; extends Result&lt;T&gt; {</code>
</line>
<line hits="2" number="4">
<code>  Ok({required this.value});</code>
<hit count="2" name="&lt;unnamed&gt;"/>
</line>
<line number="5">
<code/>
</line>
<line number="6">
<code>  T value;</code>
</line>
<line number="7">
<code>}</code>
</line>
<line number="8">
<code/>
</line>
<line number="9">
<code>base class Error&lt;T&gt; extends Result&lt;T&gt; {</code>
</line>
<line hits="2" number="10">
<code>  Error({required this.error});</code>
<hit count="2" name="&lt;unnamed&gt;"/>
</line>
<line number="11">
<code/>
</line>
<line number="12">
<code>  String error;</code>
</line>
<line number="13">
<code>}</code>
</line>
</lines>
<config branch-coverage="true" description-file="false" function-coverage="true" genhtml_hi_limit="90" genhtml_med_limit="75" legend="false" no-sort="false" no-source="false" show-details="false"/>
<base href="../../"/>
<base href="../../"/>
</coverage>
