<?xml version="1.0" encoding="UTF-8" standalone="no"?>
<?xml-stylesheet type="text/xsl" href="../../jgenhtml.xsl"?><coverage branch-rate="NaN" branches-covered="0" branches-valid="0" complexity="0" date="2025-02-11" filename="logger.dart" function-rate="NaN" functions-covered="0" functions-valid="0" line-rate="0.42857143" lines-covered="3" lines-valid="7" package="config/log" testname="lcov.info" version="1.6">
<lines>
<line number="1">
<code>import 'package:logging/logging.dart';</code>
</line>
<line number="2">
<code/>
</line>
<line number="3">
<code>class Log {</code>
</line>
<line hits="3" number="4">
<code>  static final Logger log = Logger('Logger');</code>
<hit count="3" name="&lt;unnamed&gt;"/>
</line>
<line number="5">
<code/>
</line>
<line hits="0" number="6">
<code>  static void info(String message, Object? error, StackTrace? stackTrace) =&gt;</code>
</line>
<line hits="0" number="7">
<code>      log.info(</code>
</line>
<line number="8">
<code>        message,</code>
</line>
<line number="9">
<code>        error,</code>
</line>
<line number="10">
<code>        stackTrace,</code>
</line>
<line number="11">
<code>      );</code>
</line>
<line hits="0" number="12">
<code>  static void warning(String message, Object? error, StackTrace? stackTrace) =&gt;</code>
</line>
<line hits="0" number="13">
<code>      log.warning(</code>
</line>
<line number="14">
<code>        message,</code>
</line>
<line number="15">
<code>        error,</code>
</line>
<line number="16">
<code>        stackTrace,</code>
</line>
<line number="17">
<code>      );</code>
</line>
<line hits="1" number="18">
<code>  static void error(String message, Object? error, StackTrace? stackTrace) =&gt;</code>
<hit count="1" name="&lt;unnamed&gt;"/>
</line>
<line hits="2" number="19">
<code>      log.severe(</code>
<hit count="2" name="&lt;unnamed&gt;"/>
</line>
<line number="20">
<code>        message,</code>
</line>
<line number="21">
<code>        error,</code>
</line>
<line number="22">
<code>        stackTrace,</code>
</line>
<line number="23">
<code>      );</code>
</line>
<line number="24">
<code>}</code>
</line>
</lines>
<config branch-coverage="true" description-file="false" function-coverage="true" genhtml_hi_limit="90" genhtml_med_limit="75" legend="false" no-sort="false" no-source="false" show-details="false"/>
<base href="../../"/>
<base href="../../"/>
</coverage>
