<?xml version="1.0" encoding="UTF-8" standalone="no"?>
<?xml-stylesheet type="text/xsl" href="../../jgenhtml.xsl"?><coverage branch-rate="NaN" branches-covered="0" branches-valid="0" complexity="0" date="2025-02-09" filename="index" function-rate="NaN" functions-covered="0" functions-valid="0" line-rate="1.0" lines-covered="7" lines-valid="7" package="data/services" testname="lcov.info" version="1.6">
<sources>
<source branches-hit="0" branches-valid="0" filename="motels_service.dart" functions-hit="0" functions-valid="0" lines-hit="7" lines-valid="7" prefix="/projetos/lib/">
<testCase branches-hit="0" functions-hit="0" lines-hit="7" name="&lt;unnamed&gt;"/>
</source>
</sources>
<config branch-coverage="true" description-file="false" function-coverage="true" genhtml_hi_limit="90" genhtml_med_limit="75" legend="false" no-sort="false" no-source="false" show-details="false"/>
<base href="../../"/>
<base href="../../"/>
</coverage>
