<?xml version="1.0" encoding="UTF-8" standalone="no"?>
<?xml-stylesheet type="text/xsl" href="../../jgenhtml.xsl"?><coverage branch-rate="NaN" branches-covered="0" branches-valid="0" complexity="0" date="2025-02-09" filename="categoria_item.dart" function-rate="NaN" functions-covered="0" functions-valid="0" line-rate="1.0" lines-covered="4" lines-valid="4" package="domain/models" testname="lcov.info" version="1.6">
<lines>
<line number="1">
<code>class CategoriaItem {</code>
</line>
<line number="2">
<code>  String? nome;</code>
</line>
<line number="3">
<code>  String? icone;</code>
</line>
<line number="4">
<code/>
</line>
<line hits="1" number="5">
<code>  CategoriaItem({</code>
<hit count="1" name="&lt;unnamed&gt;"/>
</line>
<line number="6">
<code>    this.nome,</code>
</line>
<line number="7">
<code>    this.icone,</code>
</line>
<line number="8">
<code>  });</code>
</line>
<line number="9">
<code/>
</line>
<line hits="1" number="10">
<code>  CategoriaItem.fromJson(Map&lt;String, dynamic&gt; json) {</code>
<hit count="1" name="&lt;unnamed&gt;"/>
</line>
<line hits="2" number="11">
<code>    nome = json['nome'];</code>
<hit count="2" name="&lt;unnamed&gt;"/>
</line>
<line hits="2" number="12">
<code>    icone = json['icone'];</code>
<hit count="2" name="&lt;unnamed&gt;"/>
</line>
<line number="13">
<code>  }</code>
</line>
<line number="14">
<code>}</code>
</line>
</lines>
<config branch-coverage="true" description-file="false" function-coverage="true" genhtml_hi_limit="90" genhtml_med_limit="75" legend="false" no-sort="false" no-source="false" show-details="false"/>
<base href="../../"/>
<base href="../../"/>
</coverage>
