<?xml version="1.0" encoding="UTF-8" standalone="no"?>
<?xml-stylesheet type="text/xsl" href="../../jgenhtml.xsl"?><coverage branch-rate="NaN" branches-covered="0" branches-valid="0" complexity="0" date="2025-02-11" filename="desconto.dart" function-rate="NaN" functions-covered="0" functions-valid="0" line-rate="1.0" lines-covered="3" lines-valid="3" package="domain/models" testname="lcov.info" version="1.6">
<lines>
<line number="1">
<code>class Desconto {</code>
</line>
<line number="2">
<code>  num? desconto;</code>
</line>
<line number="3">
<code/>
</line>
<line hits="1" number="4">
<code>  Desconto({this.desconto});</code>
<hit count="1" name="&lt;unnamed&gt;"/>
</line>
<line number="5">
<code/>
</line>
<line hits="1" number="6">
<code>  Desconto.fromJson(Map&lt;String, dynamic&gt; json) {</code>
<hit count="1" name="&lt;unnamed&gt;"/>
</line>
<line hits="2" number="7">
<code>    desconto = json['desconto'];</code>
<hit count="2" name="&lt;unnamed&gt;"/>
</line>
<line number="8">
<code>  }</code>
</line>
<line number="9">
<code>}</code>
</line>
</lines>
<config branch-coverage="true" description-file="false" function-coverage="true" genhtml_hi_limit="90" genhtml_med_limit="75" legend="false" no-sort="false" no-source="false" show-details="false"/>
<base href="../../"/>
<base href="../../"/>
</coverage>
