SF:lib\config\http\http_client.dart
DA:4,3
DA:5,1
DA:7,1
DA:12,1
DA:20,1
DA:23,3
DA:24,1
DA:28,3
DA:29,2
DA:32,1
DA:35,1
DA:36,1
DA:38,1
DA:40,1
LF:14
LH:14
end_of_record
SF:lib\config\log\logger.dart
DA:4,3
DA:6,0
DA:7,0
DA:12,0
DA:13,0
DA:18,1
DA:19,2
LF:7
LH:3
end_of_record
SF:lib\data\model\motel_response.dart
DA:7,1
DA:9,1
DA:10,2
DA:11,1
DA:12,3
LF:5
LH:5
end_of_record
SF:lib\data\model\motel_response_data.dart
DA:12,1
DA:22,1
DA:23,2
DA:24,2
DA:25,2
DA:26,2
DA:27,2
DA:28,2
DA:29,1
DA:30,2
DA:31,3
DA:32,3
LF:12
LH:12
end_of_record
SF:lib\domain\models\motel.dart
DA:13,1
DA:24,1
DA:25,2
DA:26,2
DA:27,2
DA:28,2
DA:29,2
DA:30,1
DA:31,2
DA:32,3
DA:33,3
DA:36,2
DA:37,2
LF:13
LH:13
end_of_record
SF:lib\data\model\result.dart
DA:4,2
DA:10,2
LF:2
LH:2
end_of_record
SF:lib\data\repositories\motels_repository.dart
DA:7,1
DA:13,1
DA:14,2
DA:17,1
DA:18,4
DA:19,1
DA:21,1
DA:22,1
LF:8
LH:8
end_of_record
SF:lib\data\services\motels_service.dart
DA:7,1
DA:13,1
DA:15,2
DA:16,1
DA:17,2
DA:20,2
DA:21,1
LF:7
LH:7
end_of_record
SF:lib\domain\models\categoria_item.dart
DA:5,1
DA:10,1
DA:11,2
DA:12,2
LF:4
LH:4
end_of_record
SF:lib\domain\models\desconto.dart
DA:4,1
DA:6,1
DA:7,2
LF:3
LH:3
end_of_record
SF:lib\domain\models\item.dart
DA:4,1
DA:6,1
DA:7,2
LF:3
LH:3
end_of_record
SF:lib\domain\models\suite.dart
DA:14,1
DA:24,1
DA:25,2
DA:26,2
DA:27,2
DA:28,3
DA:29,1
DA:30,2
DA:31,3
DA:32,3
DA:35,1
DA:36,2
DA:37,3
DA:38,3
DA:41,1
DA:42,2
DA:43,3
DA:44,3
LF:18
LH:18
end_of_record
SF:lib\domain\models\periodo.dart
DA:11,1
DA:20,1
DA:21,2
DA:22,2
DA:23,2
DA:24,2
DA:25,2
DA:26,1
DA:27,3
LF:9
LH:9
end_of_record
